<?xml version="1.0" encoding="UTF-8"?>
<!-- Generated by org.testng.reporters.JUnitXMLReporter -->
<testsuite hostname="LAPTOP-BIDVEQPH" ignored="0" name="Test" tests="12" failures="1" timestamp="14 Aug 2020 18:29:09 GMT" time="290.989" errors="0">
  <testcase name="validateAccont" time="6.025" classname="com.NewSElTest.TestPage.LoginTest"/>
  <testcase name="validateAccont" time="4.728" classname="com.NewSElTest.TestPage.LoginTest"/>
  <testcase name="validatePageTitle" time="0.016" classname="com.NewSElTest.TestPage.LoginTest"/>
  <testcase name="ValidateUser" time="24.972" classname="com.NewSElTest.TestPage.HomeTest"/>
  <testcase name="ValidateUser" time="24.526" classname="com.NewSElTest.TestPage.HomeTest"/>
  <testcase name="validateEmpname" time="9.088" classname="com.NewSElTest.TestPage.PIMPageTest"/>
  <testcase name="VerifyToDate" time="10.07" classname="com.NewSElTest.TestPage.LeaveTest"/>
  <testcase name="validateSearch" time="7.698" classname="com.NewSElTest.TestPage.HomeTest"/>
  <testcase name="validateSearch" time="7.476" classname="com.NewSElTest.TestPage.HomeTest"/>
  <testcase name="validatePerson" time="30.573" classname="com.NewSElTest.TestPage.PIMPageTest">
    <failure type="org.openqa.selenium.NoSuchElementException" message="no such element: Unable to locate element: {&amp;quot;method&amp;quot;:&amp;quot;xpath&amp;quot;,&amp;quot;selector&amp;quot;:&amp;quot;//h1[text()=&amp;apos;Personal Details&amp;apos;]&amp;quot;}
  (Session info: chrome=84.0.4147.125)
For documentation on this error, please visit: https://www.seleniumhq.org/exceptions/no_such_element.html
Build info: version: &amp;apos;3.141.59&amp;apos;, revision: &amp;apos;e82be7d358&amp;apos;, time: &amp;apos;2018-11-14T08:17:03&amp;apos;
System info: host: &amp;apos;LAPTOP-BIDVEQPH&amp;apos;, ip: &amp;apos;192.168.0.6&amp;apos;, os.name: &amp;apos;Windows 10&amp;apos;, os.arch: &amp;apos;amd64&amp;apos;, os.version: &amp;apos;10.0&amp;apos;, java.version: &amp;apos;1.8.0_241&amp;apos;
Driver info: org.openqa.selenium.chrome.ChromeDriver
Capabilities {acceptInsecureCerts: false, browserName: chrome, browserVersion: 84.0.4147.125, chrome: {chromedriverVersion: 83.0.4103.39 (ccbf011cb2d2b..., userDataDir: C:\Users\rajam\AppData\Loca...}, goog:chromeOptions: {debuggerAddress: localhost:56084}, javascriptEnabled: true, networkConnectionEnabled: false, pageLoadStrategy: normal, platform: WINDOWS, platformName: WINDOWS, proxy: Proxy(), setWindowRect: true, strictFileInteractability: false, timeouts: {implicit: 0, pageLoad: 300000, script: 30000}, unhandledPromptBehavior: dismiss and notify, webauthn:virtualAuthenticators: true}
Session ID: 23f300cfa92e8a883a8b08008c8415b9
*** Element info: {Using=xpath, value=//h1[text()=&amp;apos;Personal Details&amp;apos;]}">
      <![CDATA[org.openqa.selenium.NoSuchElementException: no such element: Unable to locate element: {"method":"xpath","selector":"//h1[text()='Personal Details']"}
  (Session info: chrome=84.0.4147.125)
For documentation on this error, please visit: https://www.seleniumhq.org/exceptions/no_such_element.html
Build info: version: '3.141.59', revision: 'e82be7d358', time: '2018-11-14T08:17:03'
System info: host: 'LAPTOP-BIDVEQPH', ip: '192.168.0.6', os.name: 'Windows 10', os.arch: 'amd64', os.version: '10.0', java.version: '1.8.0_241'
Driver info: org.openqa.selenium.chrome.ChromeDriver
Capabilities {acceptInsecureCerts: false, browserName: chrome, browserVersion: 84.0.4147.125, chrome: {chromedriverVersion: 83.0.4103.39 (ccbf011cb2d2b..., userDataDir: C:\Users\rajam\AppData\Loca...}, goog:chromeOptions: {debuggerAddress: localhost:56084}, javascriptEnabled: true, networkConnectionEnabled: false, pageLoadStrategy: normal, platform: WINDOWS, platformName: WINDOWS, proxy: Proxy(), setWindowRect: true, strictFileInteractability: false, timeouts: {implicit: 0, pageLoad: 300000, script: 30000}, unhandledPromptBehavior: dismiss and notify, webauthn:virtualAuthenticators: true}
Session ID: 23f300cfa92e8a883a8b08008c8415b9
*** Element info: {Using=xpath, value=//h1[text()='Personal Details']}
at org.openqa.selenium.remote.http.W3CHttpResponseCodec.createException(W3CHttpResponseCodec.java:187)
at org.openqa.selenium.remote.http.W3CHttpResponseCodec.decode(W3CHttpResponseCodec.java:122)
at org.openqa.selenium.remote.http.W3CHttpResponseCodec.decode(W3CHttpResponseCodec.java:49)
at org.openqa.selenium.remote.HttpCommandExecutor.execute(HttpCommandExecutor.java:158)
at org.openqa.selenium.remote.service.DriverCommandExecutor.execute(DriverCommandExecutor.java:83)
at org.openqa.selenium.remote.RemoteWebDriver.execute(RemoteWebDriver.java:552)
at org.openqa.selenium.remote.RemoteWebDriver.findElement(RemoteWebDriver.java:323)
at org.openqa.selenium.remote.RemoteWebDriver.findElementByXPath(RemoteWebDriver.java:428)
at org.openqa.selenium.By$ByXPath.findElement(By.java:353)
at org.openqa.selenium.remote.RemoteWebDriver.findElement(RemoteWebDriver.java:315)
at org.openqa.selenium.support.pagefactory.DefaultElementLocator.findElement(DefaultElementLocator.java:69)
at org.openqa.selenium.support.pagefactory.internal.LocatingElementHandler.invoke(LocatingElementHandler.java:38)
at com.sun.proxy.$Proxy9.isDisplayed(Unknown Source)
at com.NewSElTest.page.PIMPage.verifyClikHello(PIMPage.java:79)
at com.NewSElTest.TestPage.PIMPageTest.validatePerson(PIMPageTest.java:42)
... Removed 32 stack frames]]>
    </failure>
  </testcase> <!-- validatePerson -->
  <testcase name="verifyCheckStstus" time="10.184" classname="com.NewSElTest.TestPage.LeaveTest"/>
  <testcase name="validateConfigure" time="3.709" classname="com.NewSElTest.TestPage.LeaveTest"/>
</testsuite> <!-- Test -->
